-------------------------------------------------------------------------------
Test set: daoTest.ServicioDAOTest
-------------------------------------------------------------------------------
Tests run: 1, Failures: 1, Errors: 0, Skipped: 0, Time elapsed: 0.823 s <<< FAILURE! - in daoTest.ServicioDAOTest
daoTest.ServicioDAOTest.testAgregar  Time elapsed: 0.803 s  <<< FAILURE!
org.opentest4j.AssertionFailedError: expected: <true> but was: <false>
	at daoTest.ServicioDAOTest.testAgregar(ServicioDAOTest.java:35)

