-------------------------------------------------------------------------------
Test set: daoTest.ServicioDAOTest
-------------------------------------------------------------------------------
Tests run: 1, Failures: 0, Errors: 1, Skipped: 0, Time elapsed: 0.689 s <<< FAILURE! - in daoTest.ServicioDAOTest
daoTest.ServicioDAOTest.testAgregar  Time elapsed: 0.674 s  <<< ERROR!
java.lang.NullPointerException: Cannot invoke "java.sql.Connection.prepareStatement(String)" because "this.connection" is null
	at daoTest.ServicioDAOTest.testAgregar(ServicioDAOTest.java:33)

